<?xml version="1.0" encoding="UTF-8"?>
<testsuite xmlns:xsi="http://www.w3.org/2001/XMLSchema-instance" xsi:noNamespaceSchemaLocation="https://maven.apache.org/surefire/maven-surefire-plugin/xsd/surefire-test-report-3.0.xsd" version="3.0" name="runner.TestRunner" time="22.394" tests="1" errors="0" skipped="0" failures="1">
  <properties>
[...]
</properties>
  <testcase name="runScenario[&quot;Verify WordPress website functionalities&quot;, &quot;WordPress Website Automation&quot;](1)" classname="runner.TestRunner" time="20.729">
    <failure message="stale element reference: stale element not found&#10;  (Session info: chrome=145.0.7632.159)&#10;For documentation on this error, please visit: https://www.selenium.dev/documentation/webdriver/troubleshooting/errors#stale-element-reference-exception&#10;Build info: version: &apos;4.18.1&apos;, revision: &apos;b1d3319b48&apos;&#10;System info: os.name: &apos;Windows 11&apos;, os.arch: &apos;amd64&apos;, os.version: &apos;10.0&apos;, java.version: &apos;11.0.16.1&apos;&#10;Driver info: org.openqa.selenium.chrome.ChromeDriver&#10;Command: [e47f5b80662c1e9687621c1a946fdd18, isElementDisplayed {id=f.8F5B396CCFFD8E397F662AD3F30DF486.d.750EAC3B9273D6FD8FD02E0FFF692F1D.e.3515}]&#10;Capabilities {acceptInsecureCerts: false, browserName: chrome, browserVersion: 145.0.7632.159, chrome: {chromedriverVersion: 145.0.7632.117 (de4e5d6e13b..., userDataDir: C:\Users\Hemeema\AppData\Lo...}, fedcm:accounts: true, goog:chromeOptions: {debuggerAddress: localhost:56249}, goog:processID: 30208, networkConnectionEnabled: false, pageLoadStrategy: normal, platformName: windows, proxy: Proxy(), se:cdp: ws://localhost:56249/devtoo..., se:cdpVersion: 145.0.7632.159, setWindowRect: true, strictFileInteractability: false, timeouts: {implicit: 0, pageLoad: 300000, script: 30000}, unhandledPromptBehavior: dismiss and notify, webauthn:extension:credBlob: true, webauthn:extension:largeBlob: true, webauthn:extension:minPinLength: true, webauthn:extension:prf: true, webauthn:virtualAuthenticators: true}&#10;Element: [[ChromeDriver: chrome on windows (e47f5b80662c1e9687621c1a946fdd18)] -&gt; xpath: //*[@id=&quot;wp--skip-link--target&quot;]/div/div[1]/ul]&#10;Session ID: e47f5b80662c1e9687621c1a946fdd18" type="org.openqa.selenium.StaleElementReferenceException"><![CDATA[org.openqa.selenium.StaleElementReferenceException: 
stale element reference: stale element not found
  (Session info: chrome=145.0.7632.159)
For documentation on this error, please visit: https://www.selenium.dev/documentation/webdriver/troubleshooting/errors#stale-element-reference-exception
Build info: version: '4.18.1', revision: 'b1d3319b48'
System info: os.name: 'Windows 11', os.arch: 'amd64', os.version: '10.0', java.version: '11.0.16.1'
Driver info: org.openqa.selenium.chrome.ChromeDriver
Command: [e47f5b80662c1e9687621c1a946fdd18, isElementDisplayed {id=f.8F5B396CCFFD8E397F662AD3F30DF486.d.750EAC3B9273D6FD8FD02E0FFF692F1D.e.3515}]
Capabilities {acceptInsecureCerts: false, browserName: chrome, browserVersion: 145.0.7632.159, chrome: {chromedriverVersion: 145.0.7632.117 (de4e5d6e13b..., userDataDir: C:\Users\Hemeema\AppData\Lo...}, fedcm:accounts: true, goog:chromeOptions: {debuggerAddress: localhost:56249}, goog:processID: 30208, networkConnectionEnabled: false, pageLoadStrategy: normal, platformName: windows, proxy: Proxy(), se:cdp: ws://localhost:56249/devtoo..., se:cdpVersion: 145.0.7632.159, setWindowRect: true, strictFileInteractability: false, timeouts: {implicit: 0, pageLoad: 300000, script: 30000}, unhandledPromptBehavior: dismiss and notify, webauthn:extension:credBlob: true, webauthn:extension:largeBlob: true, webauthn:extension:minPinLength: true, webauthn:extension:prf: true, webauthn:virtualAuthenticators: true}
Element: [[ChromeDriver: chrome on windows (e47f5b80662c1e9687621c1a946fdd18)] -> xpath: //*[@id="wp--skip-link--target"]/div/div[1]/ul]
Session ID: e47f5b80662c1e9687621c1a946fdd18
	at java.base/jdk.internal.reflect.NativeConstructorAccessorImpl.newInstance0(Native Method)
	at java.base/jdk.internal.reflect.NativeConstructorAccessorImpl.newInstance(NativeConstructorAccessorImpl.java:62)
	at java.base/jdk.internal.reflect.DelegatingConstructorAccessorImpl.newInstance(DelegatingConstructorAccessorImpl.java:45)
	at java.base/java.lang.reflect.Constructor.newInstance(Constructor.java:490)
	at org.openqa.selenium.remote.ErrorCodec.decode(ErrorCodec.java:167)
	at org.openqa.selenium.remote.codec.w3c.W3CHttpResponseCodec.decode(W3CHttpResponseCodec.java:138)
	at org.openqa.selenium.remote.codec.w3c.W3CHttpResponseCodec.decode(W3CHttpResponseCodec.java:50)
	at org.openqa.selenium.remote.HttpCommandExecutor.execute(HttpCommandExecutor.java:190)
	at org.openqa.selenium.remote.service.DriverCommandExecutor.invokeExecute(DriverCommandExecutor.java:216)
	at org.openqa.selenium.remote.service.DriverCommandExecutor.execute(DriverCommandExecutor.java:174)
	at org.openqa.selenium.remote.RemoteWebDriver.execute(RemoteWebDriver.java:519)
	at org.openqa.selenium.remote.RemoteWebElement.execute(RemoteWebElement.java:223)
	at org.openqa.selenium.remote.RemoteWebElement.isDisplayed(RemoteWebElement.java:282)
	at org.openqa.selenium.support.ui.ExpectedConditions$8.apply(ExpectedConditions.java:223)
	at org.openqa.selenium.support.ui.ExpectedConditions$8.apply(ExpectedConditions.java:218)
	at org.openqa.selenium.support.ui.FluentWait.until(FluentWait.java:203)
	at pages.HomePage.areImagesDisplayed(HomePage.java:83)
	at stepDefinitions.WordPressSteps.verifyPictures(WordPressSteps.java:50)
	at ✽.Verify pictures are displayed(file:///C:/Users/Hemeema/eclipse-workspace/CapstoneProject_5/src/test/resources/features/wordPress.feature:10)
]]></failure>
    <system-out><![CDATA[
Scenario: Verify WordPress website functionalities # src/test/resources/features/wordPress.feature:3
  Given User launches WordPress website            # stepDefinitions.WordPressSteps.launchWebsite()
  Then Verify the page title                       # stepDefinitions.WordPressSteps.verifyTitle()
  When User clicks on Download and Get WordPress   # stepDefinitions.WordPressSteps.clickDownload()
  Then Verify middle text as "Get WordPress"       # stepDefinitions.WordPressSteps.verifyMiddleText(java.lang.String)
  When User clicks Community and Photo Directory   # stepDefinitions.WordPressSteps.clickCommunity()
  And User searches for "nature"                   # stepDefinitions.WordPressSteps.searchPic(java.lang.String)
  Then Verify pictures are displayed               # stepDefinitions.WordPressSteps.verifyPictures()
      org.openqa.selenium.StaleElementReferenceException: stale element reference: stale element not found
  (Session info: chrome=145.0.7632.159)
For documentation on this error, please visit: https://www.selenium.dev/documentation/webdriver/troubleshooting/errors#stale-element-reference-exception
Build info: version: '4.18.1', revision: 'b1d3319b48'
System info: os.name: 'Windows 11', os.arch: 'amd64', os.version: '10.0', java.version: '11.0.16.1'
Driver info: org.openqa.selenium.chrome.ChromeDriver
Command: [e47f5b80662c1e9687621c1a946fdd18, isElementDisplayed {id=f.8F5B396CCFFD8E397F662AD3F30DF486.d.750EAC3B9273D6FD8FD02E0FFF692F1D.e.3515}]
Capabilities {acceptInsecureCerts: false, browserName: chrome, browserVersion: 145.0.7632.159, chrome: {chromedriverVersion: 145.0.7632.117 (de4e5d6e13b..., userDataDir: C:\Users\Hemeema\AppData\Lo...}, fedcm:accounts: true, goog:chromeOptions: {debuggerAddress: localhost:56249}, goog:processID: 30208, networkConnectionEnabled: false, pageLoadStrategy: normal, platformName: windows, proxy: Proxy(), se:cdp: ws://localhost:56249/devtoo..., se:cdpVersion: 145.0.7632.159, setWindowRect: true, strictFileInteractability: false, timeouts: {implicit: 0, pageLoad: 300000, script: 30000}, unhandledPromptBehavior: dismiss and notify, webauthn:extension:credBlob: true, webauthn:extension:largeBlob: true, webauthn:extension:minPinLength: true, webauthn:extension:prf: true, webauthn:virtualAuthenticators: true}
Element: [[ChromeDriver: chrome on windows (e47f5b80662c1e9687621c1a946fdd18)] -> xpath: //*[@id="wp--skip-link--target"]/div/div[1]/ul]
Session ID: e47f5b80662c1e9687621c1a946fdd18
	at java.base/jdk.internal.reflect.NativeConstructorAccessorImpl.newInstance0(Native Method)
	at java.base/jdk.internal.reflect.NativeConstructorAccessorImpl.newInstance(NativeConstructorAccessorImpl.java:62)
	at java.base/jdk.internal.reflect.DelegatingConstructorAccessorImpl.newInstance(DelegatingConstructorAccessorImpl.java:45)
	at java.base/java.lang.reflect.Constructor.newInstance(Constructor.java:490)
	at org.openqa.selenium.remote.ErrorCodec.decode(ErrorCodec.java:167)
	at org.openqa.selenium.remote.codec.w3c.W3CHttpResponseCodec.decode(W3CHttpResponseCodec.java:138)
	at org.openqa.selenium.remote.codec.w3c.W3CHttpResponseCodec.decode(W3CHttpResponseCodec.java:50)
	at org.openqa.selenium.remote.HttpCommandExecutor.execute(HttpCommandExecutor.java:190)
	at org.openqa.selenium.remote.service.DriverCommandExecutor.invokeExecute(DriverCommandExecutor.java:216)
	at org.openqa.selenium.remote.service.DriverCommandExecutor.execute(DriverCommandExecutor.java:174)
	at org.openqa.selenium.remote.RemoteWebDriver.execute(RemoteWebDriver.java:519)
	at org.openqa.selenium.remote.RemoteWebElement.execute(RemoteWebElement.java:223)
	at org.openqa.selenium.remote.RemoteWebElement.isDisplayed(RemoteWebElement.java:282)
	at org.openqa.selenium.support.ui.ExpectedConditions$8.apply(ExpectedConditions.java:223)
	at org.openqa.selenium.support.ui.ExpectedConditions$8.apply(ExpectedConditions.java:218)
	at org.openqa.selenium.support.ui.FluentWait.until(FluentWait.java:203)
	at pages.HomePage.areImagesDisplayed(HomePage.java:83)
	at stepDefinitions.WordPressSteps.verifyPictures(WordPressSteps.java:50)
	at âœ½.Verify pictures are displayed(file:///C:/Users/Hemeema/eclipse-workspace/CapstoneProject_5/src/test/resources/features/wordPress.feature:10)

]]></system-out>
    <system-err><![CDATA[SLF4J: Failed to load class "org.slf4j.impl.StaticLoggerBinder".
SLF4J: Defaulting to no-operation (NOP) logger implementation
SLF4J: See http://www.slf4j.org/codes.html#StaticLoggerBinder for further details.
Mar 04, 2026 4:35:36 PM org.openqa.selenium.devtools.CdpVersionFinder findNearestMatch
WARNING: Unable to find CDP implementation matching 145
Mar 04, 2026 4:35:36 PM org.openqa.selenium.chromium.ChromiumDriver lambda$new$5
WARNING: Unable to find version of CDP to use for 145.0.7632.159. You may need to include a dependency on a specific version of the CDP using something similar to `org.seleniumhq.selenium:selenium-devtools-v86:4.18.1` where the version ("v86") matches the version of the chromium-based browser you're using and the version number of the artifact is the same as Selenium's.
]]></system-err>
  </testcase>
</testsuite>